<?xml version="1.0" encoding="UTF-8"?>
<Site BuildName="(empty)"
	BuildStamp="20240806-1354-Experimental"
	Name="yang"
	Generator="ctest-3.16.3"
	CompilerName="/usr/bin/c++"
	CompilerVersion="9.4.0"
	OSName="Linux"
	Hostname="yang"
	OSRelease="5.15.0-117-generic"
	OSVersion="#127~20.04.1-Ubuntu SMP Thu Jul 11 15:36:12 UTC 2024"
	OSPlatform="x86_64"
	Is64Bits="1"
	VendorString="AuthenticAMD"
	VendorID="Advanced Micro Devices"
	FamilyID="25"
	ModelID="68"
	ProcessorCacheSize="512"
	NumberOfLogicalCPU="16"
	NumberOfPhysicalCPU="8"
	TotalVirtualMemory="2047"
	TotalPhysicalMemory="15223"
	LogicalProcessorsPerPhysical="2"
	ProcessorClockFrequency="2059.43"
	>
	<Testing>
		<StartDateTime>Aug 06 21:54 CST</StartDateTime>
		<StartTestTime>1722952464</StartTestTime>
		<TestList/>
		<EndDateTime>Aug 06 21:54 CST</EndDateTime>
		<EndTestTime>1722952464</EndTestTime>
		<ElapsedMinutes>0</ElapsedMinutes>
	</Testing>
</Site>
